<?xml version="1.0" encoding="UTF-8"?>
<testng-results skipped="0" failed="0" ignored="0" total="1" passed="1">
  <reporter-output>
  </reporter-output>
  <suite name="Default suite" duration-ms="39703" started-at="2019-10-02T07:47:56Z" finished-at="2019-10-02T07:48:36Z">
    <groups>
    </groups>
    <test name="Default test" duration-ms="39703" started-at="2019-10-02T07:47:56Z" finished-at="2019-10-02T07:48:36Z">
      <class name="com.tests.trivagoImage">
        <test-method status="PASS" signature="setUp()[pri:0, instance:com.tests.trivagoImage@6093dd95]" name="setUp" is-config="true" duration-ms="30142" started-at="2019-10-02T07:47:56Z" finished-at="2019-10-02T07:48:26Z">
          <reporter-output>
          </reporter-output>
        </test-method> <!-- setUp -->
        <test-method status="PASS" signature="compareImages()[pri:0, instance:com.tests.trivagoImage@6093dd95]" name="compareImages" duration-ms="8569" started-at="2019-10-02T07:48:26Z" finished-at="2019-10-02T07:48:35Z">
          <reporter-output>
          </reporter-output>
        </test-method> <!-- compareImages -->
        <test-method status="PASS" signature="teardown()[pri:0, instance:com.tests.trivagoImage@6093dd95]" name="teardown" is-config="true" duration-ms="904" started-at="2019-10-02T07:48:35Z" finished-at="2019-10-02T07:48:36Z">
          <reporter-output>
          </reporter-output>
        </test-method> <!-- teardown -->
      </class> <!-- com.tests.trivagoImage -->
    </test> <!-- Default test -->
  </suite> <!-- Default suite -->
</testng-results>
